0 info it worked if it ends with ok
1 verbose cli [ 'node', '/usr/local/bin/npm', 'install', '-g', 'mup' ]
2 info using npm@2.11.3
3 info using node@v0.12.7
4 verbose install initial load of /usr/local/lib/package.json
5 verbose readDependencies loading dependencies from /usr/local/lib/package.json
6 silly cache add args [ 'mup', null ]
7 verbose cache add spec mup
8 silly cache add parsed spec { raw: 'mup',
8 silly cache add   scope: null,
8 silly cache add   name: 'mup',
8 silly cache add   rawSpec: '',
8 silly cache add   spec: '*',
8 silly cache add   type: 'range' }
9 silly addNamed mup@*
10 verbose addNamed "*" is a valid semver range for mup
11 silly addNameRange { name: 'mup', range: '*', hasData: false }
12 silly mapToRegistry name mup
13 silly mapToRegistry using default registry
14 silly mapToRegistry registry https://registry.npmjs.org/
15 silly mapToRegistry uri https://registry.npmjs.org/mup
16 verbose addNameRange registry:https://registry.npmjs.org/mup not in flight; fetching
17 verbose request uri https://registry.npmjs.org/mup
18 verbose request no auth needed
19 info attempt registry request try #1 at 11:54:18 PM
20 verbose request id 7c36528d22326403
21 verbose etag "9E8D9U7WT17UGLM5DGW3ATGGE"
22 http request GET https://registry.npmjs.org/mup
23 http 304 https://registry.npmjs.org/mup
24 silly get cb [ 304,
24 silly get   { date: 'Thu, 07 Apr 2016 04:54:18 GMT',
24 silly get     via: '1.1 varnish',
24 silly get     'cache-control': 'max-age=300',
24 silly get     etag: '"9E8D9U7WT17UGLM5DGW3ATGGE"',
24 silly get     age: '227',
24 silly get     connection: 'keep-alive',
24 silly get     'x-served-by': 'cache-dfw1829-DFW',
24 silly get     'x-cache': 'HIT',
24 silly get     'x-cache-hits': '1',
24 silly get     'x-timer': 'S1460004858.679624,VS0,VE0',
24 silly get     vary: 'Accept-Encoding' } ]
25 verbose etag https://registry.npmjs.org/mup from cache
26 verbose get saving mup to /Users/Bobby/.npm/registry.npmjs.org/mup/.cache.json
27 silly addNameRange number 2 { name: 'mup', range: '*', hasData: true }
28 silly addNameRange versions [ 'mup',
28 silly addNameRange   [ '0.1.2',
28 silly addNameRange     '0.1.3',
28 silly addNameRange     '0.1.4',
28 silly addNameRange     '0.1.5',
28 silly addNameRange     '0.1.6',
28 silly addNameRange     '0.1.7',
28 silly addNameRange     '0.1.8',
28 silly addNameRange     '0.1.9',
28 silly addNameRange     '0.1.10',
28 silly addNameRange     '0.1.11',
28 silly addNameRange     '0.1.12',
28 silly addNameRange     '0.1.13',
28 silly addNameRange     '0.2.0',
28 silly addNameRange     '0.3.0',
28 silly addNameRange     '0.4.0',
28 silly addNameRange     '0.4.1',
28 silly addNameRange     '0.4.2',
28 silly addNameRange     '0.4.3',
28 silly addNameRange     '0.4.4',
28 silly addNameRange     '0.4.5',
28 silly addNameRange     '0.4.6',
28 silly addNameRange     '0.4.7',
28 silly addNameRange     '0.5.0',
28 silly addNameRange     '0.5.1',
28 silly addNameRange     '0.5.2',
28 silly addNameRange     '0.5.3',
28 silly addNameRange     '0.6.0',
28 silly addNameRange     '0.6.1',
28 silly addNameRange     '0.6.3',
28 silly addNameRange     '0.6.4',
28 silly addNameRange     '0.6.5',
28 silly addNameRange     '0.6.7',
28 silly addNameRange     '0.6.8',
28 silly addNameRange     '0.6.9',
28 silly addNameRange     '0.6.10',
28 silly addNameRange     '0.6.11',
28 silly addNameRange     '0.6.12',
28 silly addNameRange     '0.7.0',
28 silly addNameRange     '0.7.1',
28 silly addNameRange     '0.7.2',
28 silly addNameRange     '0.7.3',
28 silly addNameRange     '0.7.4',
28 silly addNameRange     '0.7.5',
28 silly addNameRange     '0.7.6',
28 silly addNameRange     '0.7.7',
28 silly addNameRange     '0.8.0',
28 silly addNameRange     '0.9.0',
28 silly addNameRange     '0.9.1',
28 silly addNameRange     '0.9.2',
28 silly addNameRange     '0.9.3',
28 silly addNameRange     '0.9.4',
28 silly addNameRange     '0.9.5',
28 silly addNameRange     '0.9.6',
28 silly addNameRange     '0.9.7',
28 silly addNameRange     '0.10.0',
28 silly addNameRange     '0.10.1',
28 silly addNameRange     '0.10.2',
28 silly addNameRange     '0.10.3',
28 silly addNameRange     '0.10.4',
28 silly addNameRange     '0.10.5',
28 silly addNameRange     '0.10.6',
28 silly addNameRange     '0.10.7',
28 silly addNameRange     '0.10.8',
28 silly addNameRange     '0.11.0',
28 silly addNameRange     '0.11.1',
28 silly addNameRange     '0.11.2',
28 silly addNameRange     '0.11.3' ] ]
29 silly addNamed mup@0.11.3
30 verbose addNamed "0.11.3" is a plain semver version for mup
31 silly cache afterAdd mup@0.11.3
32 verbose afterAdd /Users/Bobby/.npm/mup/0.11.3/package/package.json not in flight; writing
33 verbose afterAdd /Users/Bobby/.npm/mup/0.11.3/package/package.json written
34 silly install resolved [ { name: 'mup',
34 silly install resolved     version: '0.11.3',
34 silly install resolved     description: 'Production Quality Meteor Deployments',
34 silly install resolved     dependencies:
34 silly install resolved      { async: '^0.9.0',
34 silly install resolved        cjson: '0.3.x',
34 silly install resolved        colors: '0.6.x',
34 silly install resolved        nodemiral: '^1.1.1',
34 silly install resolved        rimraf: '2.x.x',
34 silly install resolved        underscore: '1.7.0',
34 silly install resolved        uuid: '1.4.x',
34 silly install resolved        archiver: '0.14.x' },
34 silly install resolved     bin: { mup: './bin/mup' },
34 silly install resolved     author:
34 silly install resolved      { name: 'Arunoda Susiripala',
34 silly install resolved        email: 'arunoda.susiripala@gmail.com' },
34 silly install resolved     repository: { type: 'git', url: 'git://github.com/arunoda/meteor-up.git' },
34 silly install resolved     license: 'MIT',
34 silly install resolved     gitHead: '91e33a24dc26e306f5bf10c319a57211dfc832b1',
34 silly install resolved     bugs: { url: 'https://github.com/arunoda/meteor-up/issues' },
34 silly install resolved     homepage: 'https://github.com/arunoda/meteor-up',
34 silly install resolved     _id: 'mup@0.11.3',
34 silly install resolved     scripts: {},
34 silly install resolved     _shasum: '080c14be32a0525efaba907a446e045e4d5eb0e1',
34 silly install resolved     _from: 'mup@*',
34 silly install resolved     _npmVersion: '2.14.3',
34 silly install resolved     _nodeVersion: '4.1.0',
34 silly install resolved     _npmUser: { name: 'arunoda', email: 'arunoda.susiripala@gmail.com' },
34 silly install resolved     dist:
34 silly install resolved      { shasum: '080c14be32a0525efaba907a446e045e4d5eb0e1',
34 silly install resolved        tarball: 'https://registry.npmjs.org/mup/-/mup-0.11.3.tgz' },
34 silly install resolved     maintainers: [ [Object] ],
34 silly install resolved     directories: {},
34 silly install resolved     _resolved: 'https://registry.npmjs.org/mup/-/mup-0.11.3.tgz',
34 silly install resolved     readme: 'ERROR: No README data found!' } ]
35 info install mup@0.11.3 into /usr/local/lib
36 info installOne mup@0.11.3
37 verbose installOne of mup to /usr/local/lib not in flight; installing
38 verbose lock using /Users/Bobby/.npm/_locks/mup-2c0f78d4aacbd233.lock for /usr/local/lib/node_modules/mup
39 silly install write writing mup 0.11.3 to /usr/local/lib/node_modules/mup
40 verbose unbuild lib/node_modules/mup
41 silly gentlyRm /usr/local/lib/node_modules/mup is being purged from base /usr/local
42 verbose gentlyRm don't care about contents; nuking /usr/local/lib/node_modules/mup
43 verbose tar unpack /Users/Bobby/.npm/mup/0.11.3/package.tgz
44 verbose tar unpacking to /usr/local/lib/node_modules/mup
45 silly gentlyRm /usr/local/lib/node_modules/mup is being purged
46 verbose gentlyRm don't care about contents; nuking /usr/local/lib/node_modules/mup
47 silly gunzTarPerm modes [ '755', '644' ]
48 error tar.unpack untar error /Users/Bobby/.npm/mup/0.11.3/package.tgz
49 verbose unlock done using /Users/Bobby/.npm/_locks/mup-2c0f78d4aacbd233.lock for /usr/local/lib/node_modules/mup
50 verbose fstream_path /usr/local/lib/node_modules/mup
51 verbose fstream_type Directory
52 verbose fstream_class DirWriter
53 verbose stack Error: EACCES, mkdir '/usr/local/lib/node_modules/mup'
53 verbose stack     at Error (native)
54 verbose fstream_stack /usr/local/lib/node_modules/npm/node_modules/fstream/lib/dir-writer.js:35:25
54 verbose fstream_stack /usr/local/lib/node_modules/npm/node_modules/mkdirp/index.js:47:53
54 verbose fstream_stack FSReqWrap.oncomplete (fs.js:95:15)
55 verbose cwd /Users/Bobby/microscope
56 error Darwin 15.4.0
57 error argv "node" "/usr/local/bin/npm" "install" "-g" "mup"
58 error node v0.12.7
59 error npm  v2.11.3
60 error path /usr/local/lib/node_modules/mup
61 error code EACCES
62 error errno -13
63 error Error: EACCES, mkdir '/usr/local/lib/node_modules/mup'
63 error     at Error (native)
63 error  { [Error: EACCES, mkdir '/usr/local/lib/node_modules/mup']
63 error   errno: -13,
63 error   code: 'EACCES',
63 error   path: '/usr/local/lib/node_modules/mup',
63 error   fstream_type: 'Directory',
63 error   fstream_path: '/usr/local/lib/node_modules/mup',
63 error   fstream_class: 'DirWriter',
63 error   fstream_stack:
63 error    [ '/usr/local/lib/node_modules/npm/node_modules/fstream/lib/dir-writer.js:35:25',
63 error      '/usr/local/lib/node_modules/npm/node_modules/mkdirp/index.js:47:53',
63 error      'FSReqWrap.oncomplete (fs.js:95:15)' ] }
64 error Please try running this command again as root/Administrator.
65 verbose exit [ -13, true ]
66 verbose unbuild lib/node_modules/mup
67 silly gentlyRm /usr/local/lib/node_modules/mup is being purged from base /usr/local
68 verbose gentlyRm don't care about contents; nuking /usr/local/lib/node_modules/mup
